SpeechBrain system description
==============================
Python version:
3.9.19 (main, May  6 2024, 19:43:03) 
[GCC 11.2.0]
==============================
Installed Python packages:
attrs==24.2.0
audioread==3.0.1
Automat==22.10.0
buildtools==1.0.6
causal-conv1d==1.1.1
certifi==2024.7.4
cffi==1.17.0
charset-normalizer==3.3.2
click==8.1.7
cmake==3.30.2
constantly==23.10.4
decorator==5.1.1
docker-pycreds==0.4.0
docopt==0.6.2
einops==0.8.0
filelock==3.13.1
fsspec==2024.2.0
furl==2.1.3
gitdb==4.0.11
GitPython==3.1.43
greenlet==3.0.3
huggingface-hub==0.24.5
hyperlink==21.0.0
HyperPyYAML==1.2.2
idna==3.7
incremental==24.7.2
Jinja2==3.1.3
joblib==1.4.2
lazy_loader==0.4
librosa==0.10.2.post1
lit==18.1.8
llvmlite==0.43.0
mamba-ssm==1.2.0.post1
MarkupSafe==2.1.5
mpmath==1.3.0
msgpack==1.0.8
networkx==3.2.1
ninja==1.11.1.1
numba==0.60.0
numpy==2.0.1
nvidia-cublas-cu11==11.10.3.66
nvidia-cublas-cu12==12.4.2.65
nvidia-cuda-cupti-cu11==11.7.101
nvidia-cuda-cupti-cu12==12.4.99
nvidia-cuda-nvrtc-cu11==11.7.99
nvidia-cuda-nvrtc-cu12==12.4.99
nvidia-cuda-runtime-cu11==11.7.99
nvidia-cuda-runtime-cu12==12.4.99
nvidia-cudnn-cu11==8.5.0.96
nvidia-cudnn-cu12==9.1.0.70
nvidia-cufft-cu11==10.9.0.58
nvidia-cufft-cu12==11.2.0.44
nvidia-curand-cu11==10.2.10.91
nvidia-curand-cu12==10.3.5.119
nvidia-cusolver-cu11==11.4.0.1
nvidia-cusolver-cu12==11.6.0.99
nvidia-cusparse-cu11==11.7.4.91
nvidia-cusparse-cu12==12.3.0.142
nvidia-nccl-cu11==2.14.3
nvidia-nccl-cu12==2.20.5
nvidia-nvjitlink-cu12==12.4.99
nvidia-nvtx-cu11==11.7.91
nvidia-nvtx-cu12==12.4.99
orderedmultidict==1.0.1
packaging==24.1
pillow==10.4.0
platformdirs==4.2.2
pooch==1.8.2
protobuf==5.27.3
psutil==6.0.0
pycparser==2.22
python-dateutil==2.9.0.post0
PyYAML==6.0.2
redo==3.0.0
regex==2024.7.24
requests==2.32.3
ruamel.yaml==0.18.6
ruamel.yaml.clib==0.2.8
safetensors==0.4.4
scikit-learn==1.5.1
scipy==1.13.1
sentencepiece==0.2.0
sentry-sdk==2.12.0
setproctitle==1.3.3
simplejson==3.19.2
six==1.16.0
smmap==5.0.1
soundfile==0.12.1
sox==1.5.0
soxr==0.4.0
speechbrain==1.0.0
SQLAlchemy==2.0.32
sympy==1.12
threadpoolctl==3.5.0
tokenizers==0.19.1
tomli==2.0.1
torch==2.0.1
torchaudio==2.0.2
torchvision==0.15.2
tqdm==4.66.5
transformers==4.44.0
triton==2.0.0
Twisted==24.7.0
typing_extensions==4.9.0
urllib3==2.2.2
wandb==0.17.6
zope.interface==7.0.1
==============================
Git revision:
ac5509c
==============================
CUDA version:
11.7